<?xml version="1.0" encoding="UTF-8"?>
<!-- Generated by org.testng.reporters.JUnitXMLReporter -->
<testsuite hostname="LAPTOP-NFM24RP9" ignored="0" name="Register Users" tests="2" failures="0" timestamp="2020-05-26T17:00:05 COT" time="0.241" errors="0">
  <testcase name="@BeforeMethod setup" time="0.014" classname="FullProject.RegisterAnUser">
    <failure type="java.lang.NullPointerException">
      <![CDATA[java.lang.NullPointerException
at resources.SetupConfiguration.initializeDriver(SetupConfiguration.java:38)
at FullProject.RegisterAnUser.setup(RegisterAnUser.java:28)
at java.util.ArrayList.forEach(Unknown Source)
at java.util.concurrent.FutureTask.run(Unknown Source)
at java.util.concurrent.ThreadPoolExecutor.runWorker(Unknown Source)
at java.util.concurrent.ThreadPoolExecutor$Worker.run(Unknown Source)
at java.lang.Thread.run(Unknown Source)
... Removed 22 stack frames]]>
    </failure>
  </testcase> <!-- @BeforeMethod setup -->
  <testcase name="@BeforeMethod setup" time="0.014" classname="FullProject.UserLogin">
    <failure type="java.lang.NullPointerException">
      <![CDATA[java.lang.NullPointerException
at resources.SetupConfiguration.initializeDriver(SetupConfiguration.java:38)
at FullProject.UserLogin.setup(UserLogin.java:29)
at java.util.ArrayList.forEach(Unknown Source)
at java.util.concurrent.FutureTask.run(Unknown Source)
at java.util.concurrent.ThreadPoolExecutor.runWorker(Unknown Source)
at java.util.concurrent.ThreadPoolExecutor$Worker.run(Unknown Source)
at java.lang.Thread.run(Unknown Source)
... Removed 22 stack frames]]>
    </failure>
  </testcase> <!-- @BeforeMethod setup -->
  <testcase name="@AfterMethod tearDown" time="-1.590530405236E9" classname="FullProject.RegisterAnUser">
    <skipped/>
  </testcase> <!-- @AfterMethod tearDown -->
  <testcase name="@BeforeMethod setup" time="-1.590530405243E9" classname="FullProject.RegisterAnUser">
    <skipped/>
  </testcase> <!-- @BeforeMethod setup -->
  <testcase name="@AfterMethod tearDown" time="-1.590530405244E9" classname="FullProject.UserLogin">
    <skipped/>
  </testcase> <!-- @AfterMethod tearDown -->
  <testcase name="@BeforeMethod setup" time="-1.590530405259E9" classname="FullProject.UserLogin">
    <skipped/>
  </testcase> <!-- @BeforeMethod setup -->
  <testcase name="@AfterMethod tearDown" time="-1.590530405266E9" classname="FullProject.RegisterAnUser">
    <skipped/>
  </testcase> <!-- @AfterMethod tearDown -->
  <testcase name="@AfterMethod tearDown" time="-1.590530405314E9" classname="FullProject.UserLogin">
    <skipped/>
  </testcase> <!-- @AfterMethod tearDown -->
  <testcase name="@BeforeMethod setup" time="-1.590530405321E9" classname="FullProject.UserLogin">
    <skipped/>
  </testcase> <!-- @BeforeMethod setup -->
  <testcase name="@AfterMethod tearDown" time="-1.590530405356E9" classname="FullProject.UserLogin">
    <skipped/>
  </testcase> <!-- @AfterMethod tearDown -->
  <testcase name="registerUser" time="0.0" classname="FullProject.RegisterAnUser">
    <skipped/>
  </testcase> <!-- registerUser -->
  <testcase name="registerUser" time="0.0" classname="FullProject.RegisterAnUser">
    <skipped/>
  </testcase> <!-- registerUser -->
</testsuite> <!-- Register Users -->
