<?xml version="1.0" encoding="UTF-8"?>
<!-- Generated by org.testng.reporters.JUnitXMLReporter -->
<testsuite hostname="LAPTOP-NFM24RP9" ignored="0" name="Test" tests="4" failures="0" timestamp="2020-05-17T16:56:25 COT" time="110.677" errors="0">
  <testcase name="registerUser" time="11.164" classname="FullProject.RegisterAnUser"/>
  <testcase name="registerUser" time="11.363" classname="FullProject.RegisterAnUser"/>
  <testcase name="loginUser" time="18.5" classname="FullProject.UserLogin"/>
  <testcase name="loginUser" time="21.134" classname="FullProject.UserLogin"/>
</testsuite> <!-- Test -->
