<?xml version="1.0" encoding="UTF-8"?>
<!-- Generated by org.testng.reporters.JUnitXMLReporter -->
<testsuite hostname="LAPTOP-NFM24RP9" ignored="0" name="Login Users" tests="3" failures="3" timestamp="2020-06-03T19:56:18 COT" time="53.443" errors="0">
  <testcase name="forgotPassword" time="3.263" classname="FullProject.UserLogin">
    <failure type="java.lang.AssertionError" message="expected [Rahul Shetty Academy] but found [Attention Required! | Cloudflare]">
      <![CDATA[java.lang.AssertionError: expected [Rahul Shetty Academy] but found [Attention Required! | Cloudflare]
at FullProject.UserLogin.forgotPassword(UserLogin.java:75)
at java.util.ArrayList.forEach(ArrayList.java:1257)
at java.util.concurrent.FutureTask.run(FutureTask.java:266)
at java.util.concurrent.ThreadPoolExecutor.runWorker(ThreadPoolExecutor.java:1149)
at java.util.concurrent.ThreadPoolExecutor$Worker.run(ThreadPoolExecutor.java:624)
at java.lang.Thread.run(Thread.java:748)
... Removed 23 stack frames]]>
    </failure>
  </testcase> <!-- forgotPassword -->
  <testcase name="loginUser" time="2.426" classname="FullProject.UserLogin">
    <failure type="java.lang.AssertionError" message="expected [Rahul Shetty Academy] but found [Attention Required! | Cloudflare]">
      <![CDATA[java.lang.AssertionError: expected [Rahul Shetty Academy] but found [Attention Required! | Cloudflare]
at FullProject.UserLogin.loginUser(UserLogin.java:52)
at java.util.ArrayList.forEach(ArrayList.java:1257)
at java.util.concurrent.FutureTask.run(FutureTask.java:266)
at java.util.concurrent.ThreadPoolExecutor.runWorker(ThreadPoolExecutor.java:1149)
at java.util.concurrent.ThreadPoolExecutor$Worker.run(ThreadPoolExecutor.java:624)
at java.lang.Thread.run(Thread.java:748)
... Removed 23 stack frames]]>
    </failure>
  </testcase> <!-- loginUser -->
  <testcase name="loginUser" time="2.981" classname="FullProject.UserLogin">
    <failure type="java.lang.AssertionError" message="expected [Rahul Shetty Academy] but found [Attention Required! | Cloudflare]">
      <![CDATA[java.lang.AssertionError: expected [Rahul Shetty Academy] but found [Attention Required! | Cloudflare]
at FullProject.UserLogin.loginUser(UserLogin.java:52)
at java.util.ArrayList.forEach(ArrayList.java:1257)
at java.util.concurrent.FutureTask.run(FutureTask.java:266)
at java.util.concurrent.ThreadPoolExecutor.runWorker(ThreadPoolExecutor.java:1149)
at java.util.concurrent.ThreadPoolExecutor$Worker.run(ThreadPoolExecutor.java:624)
at java.lang.Thread.run(Thread.java:748)
... Removed 23 stack frames]]>
    </failure>
  </testcase> <!-- loginUser -->
</testsuite> <!-- Login Users -->
