<?xml version="1.0" encoding="UTF-8"?>
<testsuite xmlns:xsi="http://www.w3.org/2001/XMLSchema-instance" xsi:noNamespaceSchemaLocation="https://maven.apache.org/surefire/maven-surefire-plugin/xsd/surefire-test-report-3.0.xsd" version="3.0" name="TestSuite" time="112.212" tests="5" errors="0" skipped="0" failures="5">
  <properties>
[...]
</properties>
  <testcase name="forgotPassword" classname="FullProject.UserLogin" time="3.271">
    <failure message="expected [Rahul Shetty Academy] but found [Attention Required! | Cloudflare]" type="java.lang.AssertionError"><![CDATA[java.lang.AssertionError: expected [Rahul Shetty Academy] but found [Attention Required! | Cloudflare]
	at FullProject.UserLogin.forgotPassword(UserLogin.java:75)
]]></failure>
    <system-out><![CDATA[19:55:30.693 [TestNG-tests-2] INFO  FullProject.UserLogin - Driver Initialized
19:55:30.693 [TestNG-tests-1] INFO  FullProject.RegisterAnUser - Driver Initialized
19:55:43.809 [TestNG-tests-1] INFO  FullProject.RegisterAnUser - Home Page Opened
19:55:43.809 [TestNG-tests-2] INFO  FullProject.UserLogin - Home Page Opened
19:55:43.833 [TestNG-tests-1] INFO  FullProject.RegisterAnUser - Title comparison done
19:55:43.834 [TestNG-tests-2] INFO  FullProject.UserLogin - Title comparison done
19:55:47.043 [TestNG-tests-2] INFO  FullProject.UserLogin - Login Link Clicked
]]></system-out>
    <system-err><![CDATA[Starting ChromeDriver 83.0.4103.39 (ccbf011cb2d2b19b506d844400483861342c20cd-refs/branch-heads/4103@{#416}) on port 5396
Only local connections are allowed.
Please see Starting ChromeDriver 83.0.4103.39 (ccbf011cb2d2b19b506d844400483861342c20cd-refs/branch-heads/4103@{#416}) on port 39404
Only local connections are allowed.
Please see https://chromedriver.chromium.org/security-considerations for suggestions on keeping ChromeDriver safe.
https://chromedriver.chromium.org/security-considerations for suggestions on keeping ChromeDriver safe.
ChromeDriver was started successfully.
ChromeDriver was started successfully.
jun 03, 2020 7:55:30 PM org.openqa.selenium.remote.ProtocolHandshake createSession
INFORMACIÓN: Detected dialect: W3C
jun 03, 2020 7:55:30 PM org.openqa.selenium.remote.ProtocolHandshake createSession
INFORMACIÓN: Detected dialect: W3C
]]></system-err>
  </testcase>
  <testcase name="loginUser" classname="FullProject.UserLogin" time="2.409">
    <failure message="expected [Rahul Shetty Academy] but found [Attention Required! | Cloudflare]" type="java.lang.AssertionError"><![CDATA[java.lang.AssertionError: expected [Rahul Shetty Academy] but found [Attention Required! | Cloudflare]
	at FullProject.UserLogin.loginUser(UserLogin.java:52)
]]></failure>
    <system-out><![CDATA[19:55:48.206 [TestNG-tests-2] INFO  FullProject.UserLogin - driver closed
19:55:50.686 [TestNG-tests-2] INFO  FullProject.UserLogin - Driver Initialized
19:55:54.345 [TestNG-tests-1] INFO  FullProject.RegisterAnUser - Sign In Link Clicked
19:55:59.859 [TestNG-tests-2] INFO  FullProject.UserLogin - Home Page Opened
19:55:59.889 [TestNG-tests-2] INFO  FullProject.UserLogin - Title comparison done
19:56:02.271 [TestNG-tests-2] INFO  FullProject.UserLogin - Login Link Clicked
]]></system-out>
    <system-err><![CDATA[Starting ChromeDriver 83.0.4103.39 (ccbf011cb2d2b19b506d844400483861342c20cd-refs/branch-heads/4103@{#416}) on port 4878
Only local connections are allowed.
Please see https://chromedriver.chromium.org/security-considerations for suggestions on keeping ChromeDriver safe.
ChromeDriver was started successfully.
jun 03, 2020 7:55:50 PM org.openqa.selenium.remote.ProtocolHandshake createSession
INFORMACIÓN: Detected dialect: W3C
]]></system-err>
  </testcase>
  <testcase name="loginUser" classname="FullProject.UserLogin" time="2.986">
    <failure message="expected [Rahul Shetty Academy] but found [Attention Required! | Cloudflare]" type="java.lang.AssertionError"><![CDATA[java.lang.AssertionError: expected [Rahul Shetty Academy] but found [Attention Required! | Cloudflare]
	at FullProject.UserLogin.loginUser(UserLogin.java:52)
]]></failure>
    <system-out><![CDATA[19:56:03.278 [TestNG-tests-2] INFO  FullProject.UserLogin - driver closed
19:56:06.074 [TestNG-tests-2] INFO  FullProject.UserLogin - Driver Initialized
19:56:14.707 [TestNG-tests-2] INFO  FullProject.UserLogin - Home Page Opened
19:56:14.791 [TestNG-tests-2] INFO  FullProject.UserLogin - Title comparison done
19:56:17.757 [TestNG-tests-2] INFO  FullProject.UserLogin - Login Link Clicked
]]></system-out>
    <system-err><![CDATA[Starting ChromeDriver 83.0.4103.39 (ccbf011cb2d2b19b506d844400483861342c20cd-refs/branch-heads/4103@{#416}) on port 24404
Only local connections are allowed.
Please see https://chromedriver.chromium.org/security-considerations for suggestions on keeping ChromeDriver safe.
ChromeDriver was started successfully.
jun 03, 2020 7:56:06 PM org.openqa.selenium.remote.ProtocolHandshake createSession
INFORMACIÓN: Detected dialect: W3C
]]></system-err>
  </testcase>
  <testcase name="registerUser" classname="FullProject.RegisterAnUser" time="9.727">
    <failure message="no such element: Unable to locate element: {&quot;method&quot;:&quot;css selector&quot;,&quot;selector&quot;:&quot;#user_name&quot;}&#10;  (Session info: headless chrome=83.0.4103.61)&#10;For documentation on this error, please visit: https://www.seleniumhq.org/exceptions/no_such_element.html&#10;Build info: version: &apos;3.141.59&apos;, revision: &apos;e82be7d358&apos;, time: &apos;2018-11-14T08:17:03&apos;&#10;System info: host: &apos;LAPTOP-NFM24RP9&apos;, ip: &apos;192.168.1.8&apos;, os.name: &apos;Windows 10&apos;, os.arch: &apos;amd64&apos;, os.version: &apos;10.0&apos;, java.version: &apos;1.8.0_241&apos;&#10;Driver info: org.openqa.selenium.chrome.ChromeDriver&#10;Capabilities {acceptInsecureCerts: false, browserName: chrome, browserVersion: 83.0.4103.61, chrome: {chromedriverVersion: 83.0.4103.39 (ccbf011cb2d2b..., userDataDir: C:\Users\lenix\AppData\Loca...}, goog:chromeOptions: {debuggerAddress: localhost:61840}, javascriptEnabled: true, networkConnectionEnabled: false, pageLoadStrategy: normal, platform: WINDOWS, platformName: WINDOWS, proxy: Proxy(), setWindowRect: true, strictFileInteractability: false, timeouts: {implicit: 0, pageLoad: 300000, script: 30000}, unhandledPromptBehavior: dismiss and notify, webauthn:virtualAuthenticators: true}&#10;Session ID: aa1bb5dc200e452026b3800ee36073fd&#10;*** Element info: {Using=id, value=user_name}" type="org.openqa.selenium.NoSuchElementException"><![CDATA[org.openqa.selenium.NoSuchElementException: 
no such element: Unable to locate element: {"method":"css selector","selector":"#user_name"}
  (Session info: headless chrome=83.0.4103.61)
For documentation on this error, please visit: https://www.seleniumhq.org/exceptions/no_such_element.html
Build info: version: '3.141.59', revision: 'e82be7d358', time: '2018-11-14T08:17:03'
System info: host: 'LAPTOP-NFM24RP9', ip: '192.168.1.8', os.name: 'Windows 10', os.arch: 'amd64', os.version: '10.0', java.version: '1.8.0_241'
Driver info: org.openqa.selenium.chrome.ChromeDriver
Capabilities {acceptInsecureCerts: false, browserName: chrome, browserVersion: 83.0.4103.61, chrome: {chromedriverVersion: 83.0.4103.39 (ccbf011cb2d2b..., userDataDir: C:\Users\lenix\AppData\Loca...}, goog:chromeOptions: {debuggerAddress: localhost:61840}, javascriptEnabled: true, networkConnectionEnabled: false, pageLoadStrategy: normal, platform: WINDOWS, platformName: WINDOWS, proxy: Proxy(), setWindowRect: true, strictFileInteractability: false, timeouts: {implicit: 0, pageLoad: 300000, script: 30000}, unhandledPromptBehavior: dismiss and notify, webauthn:virtualAuthenticators: true}
Session ID: aa1bb5dc200e452026b3800ee36073fd
*** Element info: {Using=id, value=user_name}
	at FullProject.RegisterAnUser.registerUser(RegisterAnUser.java:50)
]]></failure>
    <system-out><![CDATA[19:56:18.807 [TestNG-tests-2] INFO  FullProject.UserLogin - driver closed
]]></system-out>
  </testcase>
  <testcase name="registerUser" classname="FullProject.RegisterAnUser" time="31.968">
    <failure message="no such element: Unable to locate element: {&quot;method&quot;:&quot;css selector&quot;,&quot;selector&quot;:&quot;#user_name&quot;}&#10;  (Session info: headless chrome=83.0.4103.61)&#10;For documentation on this error, please visit: https://www.seleniumhq.org/exceptions/no_such_element.html&#10;Build info: version: &apos;3.141.59&apos;, revision: &apos;e82be7d358&apos;, time: &apos;2018-11-14T08:17:03&apos;&#10;System info: host: &apos;LAPTOP-NFM24RP9&apos;, ip: &apos;192.168.1.8&apos;, os.name: &apos;Windows 10&apos;, os.arch: &apos;amd64&apos;, os.version: &apos;10.0&apos;, java.version: &apos;1.8.0_241&apos;&#10;Driver info: org.openqa.selenium.chrome.ChromeDriver&#10;Capabilities {acceptInsecureCerts: false, browserName: chrome, browserVersion: 83.0.4103.61, chrome: {chromedriverVersion: 83.0.4103.39 (ccbf011cb2d2b..., userDataDir: C:\Users\lenix\AppData\Loca...}, goog:chromeOptions: {debuggerAddress: localhost:62061}, javascriptEnabled: true, networkConnectionEnabled: false, pageLoadStrategy: normal, platform: WINDOWS, platformName: WINDOWS, proxy: Proxy(), setWindowRect: true, strictFileInteractability: false, timeouts: {implicit: 0, pageLoad: 300000, script: 30000}, unhandledPromptBehavior: dismiss and notify, webauthn:virtualAuthenticators: true}&#10;Session ID: e99aa2e4e283b14a6d92b124ce7091c3&#10;*** Element info: {Using=id, value=user_name}" type="org.openqa.selenium.NoSuchElementException"><![CDATA[org.openqa.selenium.NoSuchElementException: 
no such element: Unable to locate element: {"method":"css selector","selector":"#user_name"}
  (Session info: headless chrome=83.0.4103.61)
For documentation on this error, please visit: https://www.seleniumhq.org/exceptions/no_such_element.html
Build info: version: '3.141.59', revision: 'e82be7d358', time: '2018-11-14T08:17:03'
System info: host: 'LAPTOP-NFM24RP9', ip: '192.168.1.8', os.name: 'Windows 10', os.arch: 'amd64', os.version: '10.0', java.version: '1.8.0_241'
Driver info: org.openqa.selenium.chrome.ChromeDriver
Capabilities {acceptInsecureCerts: false, browserName: chrome, browserVersion: 83.0.4103.61, chrome: {chromedriverVersion: 83.0.4103.39 (ccbf011cb2d2b..., userDataDir: C:\Users\lenix\AppData\Loca...}, goog:chromeOptions: {debuggerAddress: localhost:62061}, javascriptEnabled: true, networkConnectionEnabled: false, pageLoadStrategy: normal, platform: WINDOWS, platformName: WINDOWS, proxy: Proxy(), setWindowRect: true, strictFileInteractability: false, timeouts: {implicit: 0, pageLoad: 300000, script: 30000}, unhandledPromptBehavior: dismiss and notify, webauthn:virtualAuthenticators: true}
Session ID: e99aa2e4e283b14a6d92b124ce7091c3
*** Element info: {Using=id, value=user_name}
	at FullProject.RegisterAnUser.registerUser(RegisterAnUser.java:50)
]]></failure>
    <system-out><![CDATA[19:56:25.498 [TestNG-tests-1] INFO  FullProject.RegisterAnUser - Driver closed
19:56:28.060 [TestNG-tests-1] INFO  FullProject.RegisterAnUser - Driver Initialized
19:56:41.154 [TestNG-tests-1] INFO  FullProject.RegisterAnUser - Home Page Opened
19:56:41.258 [TestNG-tests-1] INFO  FullProject.RegisterAnUser - Title comparison done
19:56:43.147 [TestNG-tests-1] INFO  FullProject.RegisterAnUser - Sign In Link Clicked
]]></system-out>
    <system-err><![CDATA[Starting ChromeDriver 83.0.4103.39 (ccbf011cb2d2b19b506d844400483861342c20cd-refs/branch-heads/4103@{#416}) on port 28472
Only local connections are allowed.
Please see https://chromedriver.chromium.org/security-considerations for suggestions on keeping ChromeDriver safe.
ChromeDriver was started successfully.
jun 03, 2020 7:56:28 PM org.openqa.selenium.remote.ProtocolHandshake createSession
INFORMACIÓN: Detected dialect: W3C
]]></system-err>
  </testcase>
</testsuite>